2025-01-09 14:24:17,897 DEBUG    root            Loaded Command Group: ['gcloud', 'components']
2025-01-09 14:24:17,899 DEBUG    root            Loaded Command Group: ['gcloud', 'components', 'update']
2025-01-09 14:24:17,902 DEBUG    root            Running [gcloud.components.update] with arguments: [--quiet: "True", COMPONENT-IDS:8: "['gcloud', 'core', 'bq', 'gsutil', 'compute', 'preview', 'alpha', 'beta']"]
2025-01-09 14:24:17,903 INFO     ___FILE_ONLY___ Beginning update. This process may take several minutes.

2025-01-09 14:24:17,912 DEBUG    urllib3.connectionpool Starting new HTTPS connection (1): dl.google.com:443
2025-01-09 14:24:18,025 DEBUG    urllib3.connectionpool https://dl.google.com:443 "GET /dl/cloudsdk/channels/rapid/components-2.json HTTP/1.1" 200 227824
2025-01-09 14:24:18,044 WARNING  root            Component [compute] no longer exists.
2025-01-09 14:24:18,045 INFO     ___FILE_ONLY___ 

2025-01-09 14:24:18,046 INFO     ___FILE_ONLY___ 
Your current Google Cloud CLI version is: 505.0.0

2025-01-09 14:24:18,046 INFO     ___FILE_ONLY___ Installing components from version: 505.0.0

2025-01-09 14:24:18,046 INFO     ___FILE_ONLY___ 

2025-01-09 14:24:18,046 DEBUG    root            Chosen display Format:table[box,title="These components will be removed."](details.display_name:label=Name:align=left,version.version_string:label=Version:align=right,data.size.size(zero="",min=1048576):label=Size:align=right)
2025-01-09 14:24:18,047 DEBUG    root            Chosen display Format:table[box,title="These components will be updated."](details.display_name:label=Name:align=left,version.version_string:label=Version:align=right,data.size.size(zero="",min=1048576):label=Size:align=right)
2025-01-09 14:24:18,047 DEBUG    root            Chosen display Format:table[box,title="These components will be installed."](details.display_name:label=Name:align=left,version.version_string:label=Version:align=right,data.size.size(zero="",min=1048576):label=Size:align=right)
2025-01-09 14:24:18,064 INFO     ___FILE_ONLY___ ┌────────────────────────────────────────────────┐
2025-01-09 14:24:18,064 INFO     ___FILE_ONLY___ 

2025-01-09 14:24:18,064 INFO     ___FILE_ONLY___ │      These components will be installed.       │
2025-01-09 14:24:18,064 INFO     ___FILE_ONLY___ 

2025-01-09 14:24:18,064 INFO     ___FILE_ONLY___ ├─────────────────────────┬────────────┬─────────┤
2025-01-09 14:24:18,064 INFO     ___FILE_ONLY___ 

2025-01-09 14:24:18,064 INFO     ___FILE_ONLY___ │           Name          │  Version   │   Size  │
2025-01-09 14:24:18,064 INFO     ___FILE_ONLY___ 

2025-01-09 14:24:18,064 INFO     ___FILE_ONLY___ ├─────────────────────────┼────────────┼─────────┤
2025-01-09 14:24:18,064 INFO     ___FILE_ONLY___ 

2025-01-09 14:24:18,064 INFO     ___FILE_ONLY___ │ 
2025-01-09 14:24:18,064 INFO     ___FILE_ONLY___ gcloud Alpha Commands  
2025-01-09 14:24:18,064 INFO     ___FILE_ONLY___  
2025-01-09 14:24:18,065 INFO     ___FILE_ONLY___ │ 
2025-01-09 14:24:18,065 INFO     ___FILE_ONLY___ 2025.01.03
2025-01-09 14:24:18,065 INFO     ___FILE_ONLY___  
2025-01-09 14:24:18,065 INFO     ___FILE_ONLY___ │ 
2025-01-09 14:24:18,065 INFO     ___FILE_ONLY___ < 1 MiB
2025-01-09 14:24:18,065 INFO     ___FILE_ONLY___  
2025-01-09 14:24:18,065 INFO     ___FILE_ONLY___ │
2025-01-09 14:24:18,065 INFO     ___FILE_ONLY___ 

2025-01-09 14:24:18,065 INFO     ___FILE_ONLY___ │ 
2025-01-09 14:24:18,065 INFO     ___FILE_ONLY___ gcloud Beta Commands   
2025-01-09 14:24:18,065 INFO     ___FILE_ONLY___  
2025-01-09 14:24:18,065 INFO     ___FILE_ONLY___ │ 
2025-01-09 14:24:18,065 INFO     ___FILE_ONLY___ 2025.01.03
2025-01-09 14:24:18,065 INFO     ___FILE_ONLY___  
2025-01-09 14:24:18,065 INFO     ___FILE_ONLY___ │ 
2025-01-09 14:24:18,065 INFO     ___FILE_ONLY___ < 1 MiB
2025-01-09 14:24:18,065 INFO     ___FILE_ONLY___  
2025-01-09 14:24:18,065 INFO     ___FILE_ONLY___ │
2025-01-09 14:24:18,066 INFO     ___FILE_ONLY___ 

2025-01-09 14:24:18,066 INFO     ___FILE_ONLY___ │ 
2025-01-09 14:24:18,066 INFO     ___FILE_ONLY___ gcloud Preview Commands
2025-01-09 14:24:18,066 INFO     ___FILE_ONLY___  
2025-01-09 14:24:18,066 INFO     ___FILE_ONLY___ │ 
2025-01-09 14:24:18,066 INFO     ___FILE_ONLY___           
2025-01-09 14:24:18,066 INFO     ___FILE_ONLY___  
2025-01-09 14:24:18,066 INFO     ___FILE_ONLY___ │ 
2025-01-09 14:24:18,066 INFO     ___FILE_ONLY___ < 1 MiB
2025-01-09 14:24:18,066 INFO     ___FILE_ONLY___  
2025-01-09 14:24:18,066 INFO     ___FILE_ONLY___ │
2025-01-09 14:24:18,066 INFO     ___FILE_ONLY___ 

2025-01-09 14:24:18,066 INFO     ___FILE_ONLY___ └─────────────────────────┴────────────┴─────────┘
2025-01-09 14:24:18,066 INFO     ___FILE_ONLY___ 

2025-01-09 14:24:18,066 INFO     ___FILE_ONLY___ 

2025-01-09 14:24:18,070 DEBUG    urllib3.connectionpool Starting new HTTPS connection (1): dl.google.com:443
2025-01-09 14:24:18,173 DEBUG    urllib3.connectionpool https://dl.google.com:443 "GET /dl/cloudsdk/channels/rapid/RELEASE_NOTES HTTP/1.1" 200 1336749
2025-01-09 14:24:18,211 INFO     ___FILE_ONLY___ For the latest full release notes, please visit:
  https://cloud.google.com/sdk/release_notes


2025-01-09 14:24:18,212 INFO     ___FILE_ONLY___ Performing in place update...


2025-01-09 14:24:18,214 INFO     ___FILE_ONLY___ ╔════════════════════════════════════════════════════════════╗

2025-01-09 14:24:18,214 INFO     ___FILE_ONLY___ ╠═ Downloading: gcloud Alpha Commands                       ═╣

2025-01-09 14:24:18,214 INFO     ___FILE_ONLY___ ╚
2025-01-09 14:24:18,217 DEBUG    urllib3.connectionpool Starting new HTTPS connection (1): dl.google.com:443
2025-01-09 14:24:18,332 DEBUG    urllib3.connectionpool https://dl.google.com:443 "GET /dl/cloudsdk/channels/rapid/components/google-cloud-sdk-alpha-20250103155615.tar.gz HTTP/1.1" 200 800
2025-01-09 14:24:18,333 INFO     ___FILE_ONLY___ ════════════════════════════════════════════════════════════
2025-01-09 14:24:18,333 INFO     ___FILE_ONLY___ ╝

2025-01-09 14:24:18,335 INFO     ___FILE_ONLY___ ╔════════════════════════════════════════════════════════════╗

2025-01-09 14:24:18,335 INFO     ___FILE_ONLY___ ╠═ Downloading: gcloud Beta Commands                        ═╣

2025-01-09 14:24:18,335 INFO     ___FILE_ONLY___ ╚
2025-01-09 14:24:18,338 DEBUG    urllib3.connectionpool Starting new HTTPS connection (1): dl.google.com:443
2025-01-09 14:24:18,600 DEBUG    urllib3.connectionpool https://dl.google.com:443 "GET /dl/cloudsdk/channels/rapid/components/google-cloud-sdk-beta-20250103155615.tar.gz HTTP/1.1" 200 797
2025-01-09 14:24:18,600 INFO     ___FILE_ONLY___ ════════════════════════════════════════════════════════════
2025-01-09 14:24:18,601 INFO     ___FILE_ONLY___ ╝

2025-01-09 14:24:18,603 INFO     ___FILE_ONLY___ ╔════════════════════════════════════════════════════════════╗

2025-01-09 14:24:18,603 INFO     ___FILE_ONLY___ ╠═ Downloading: gcloud Preview Commands                     ═╣

2025-01-09 14:24:18,603 INFO     ___FILE_ONLY___ ╚
2025-01-09 14:24:18,606 DEBUG    urllib3.connectionpool Starting new HTTPS connection (1): dl.google.com:443
2025-01-09 14:24:18,735 DEBUG    urllib3.connectionpool https://dl.google.com:443 "GET /dl/cloudsdk/channels/rapid/components/google-cloud-sdk-preview-20241115154308.tar.gz HTTP/1.1" 200 823
2025-01-09 14:24:18,736 INFO     ___FILE_ONLY___ ════════════════════════════════════════════════════════════
2025-01-09 14:24:18,736 INFO     ___FILE_ONLY___ ╝

2025-01-09 14:24:18,738 INFO     ___FILE_ONLY___ ╔════════════════════════════════════════════════════════════╗

2025-01-09 14:24:18,738 INFO     ___FILE_ONLY___ ╠═ Installing: gcloud Alpha Commands                        ═╣

2025-01-09 14:24:18,738 INFO     ___FILE_ONLY___ ╚
2025-01-09 14:24:18,739 INFO     ___FILE_ONLY___ ════════════════════════════════════════════════════════════
2025-01-09 14:24:18,739 INFO     ___FILE_ONLY___ ╝

2025-01-09 14:24:18,752 INFO     ___FILE_ONLY___ ╔════════════════════════════════════════════════════════════╗

2025-01-09 14:24:18,752 INFO     ___FILE_ONLY___ ╠═ Installing: gcloud Beta Commands                         ═╣

2025-01-09 14:24:18,752 INFO     ___FILE_ONLY___ ╚
2025-01-09 14:24:18,753 INFO     ___FILE_ONLY___ ════════════════════════════════════════════════════════════
2025-01-09 14:24:18,753 INFO     ___FILE_ONLY___ ╝

2025-01-09 14:24:18,759 INFO     ___FILE_ONLY___ ╔════════════════════════════════════════════════════════════╗

2025-01-09 14:24:18,759 INFO     ___FILE_ONLY___ ╠═ Installing: gcloud Preview Commands                      ═╣

2025-01-09 14:24:18,759 INFO     ___FILE_ONLY___ ╚
2025-01-09 14:24:18,760 INFO     ___FILE_ONLY___ ════════════════════════════════════════════════════════════
2025-01-09 14:24:18,760 INFO     ___FILE_ONLY___ ╝

2025-01-09 14:24:18,766 DEBUG    root            Updating notification cache...
2025-01-09 14:24:18,767 INFO     ___FILE_ONLY___ 

2025-01-09 14:24:18,769 INFO     ___FILE_ONLY___ Performing post processing steps...
2025-01-09 14:24:18,770 DEBUG    root            Executing command: ['/tools/google-cloud-sdk/bin/gcloud', 'components', 'post-process']
2025-01-09 14:24:29,687 DEBUG    ___FILE_ONLY___ 
2025-01-09 14:24:29,687 DEBUG    ___FILE_ONLY___ 
2025-01-09 14:24:29,806 INFO     ___FILE_ONLY___ 
Update done!


2025-01-09 14:24:29,809 DEBUG    root            Chosen display Format:none
2025-01-09 14:24:29,810 INFO     root            Display format: "none"
