2025-01-09 14:23:57,782 DEBUG    root            Loaded Command Group: ['gcloud', 'components']
2025-01-09 14:23:57,786 DEBUG    root            Loaded Command Group: ['gcloud', 'components', 'update']
2025-01-09 14:23:57,788 DEBUG    root            Running [gcloud.components.update] with arguments: [--compile-python: "True", --quiet: "True", COMPONENT-IDS:6: "['core', 'gcloud-deps', 'bq', 'gcloud', 'gcloud-crc32c', 'gsutil']"]
2025-01-09 14:23:57,789 INFO     ___FILE_ONLY___ Beginning update. This process may take several minutes.

2025-01-09 14:23:57,824 DEBUG    urllib3.connectionpool Starting new HTTPS connection (1): dl.google.com:443
2025-01-09 14:23:57,941 DEBUG    urllib3.connectionpool https://dl.google.com:443 "GET /dl/cloudsdk/channels/rapid/components-2.json HTTP/1.1" 200 227824
2025-01-09 14:23:57,957 INFO     ___FILE_ONLY___ 

2025-01-09 14:23:57,958 INFO     ___FILE_ONLY___ 
Your current Google Cloud CLI version is: 505.0.0

2025-01-09 14:23:57,958 INFO     ___FILE_ONLY___ Installing components from version: 505.0.0

2025-01-09 14:23:57,958 INFO     ___FILE_ONLY___ 

2025-01-09 14:23:57,958 DEBUG    root            Chosen display Format:table[box,title="These components will be removed."](details.display_name:label=Name:align=left,version.version_string:label=Version:align=right,data.size.size(zero="",min=1048576):label=Size:align=right)
2025-01-09 14:23:57,959 DEBUG    root            Chosen display Format:table[box,title="These components will be updated."](details.display_name:label=Name:align=left,version.version_string:label=Version:align=right,data.size.size(zero="",min=1048576):label=Size:align=right)
2025-01-09 14:23:57,960 DEBUG    root            Chosen display Format:table[box,title="These components will be installed."](details.display_name:label=Name:align=left,version.version_string:label=Version:align=right,data.size.size(zero="",min=1048576):label=Size:align=right)
2025-01-09 14:23:58,001 INFO     ___FILE_ONLY___ ┌─────────────────────────────────────────────────────────────────────────────┐
2025-01-09 14:23:58,001 INFO     ___FILE_ONLY___ 

2025-01-09 14:23:58,001 INFO     ___FILE_ONLY___ │                     These components will be installed.                     │
2025-01-09 14:23:58,002 INFO     ___FILE_ONLY___ 

2025-01-09 14:23:58,002 INFO     ___FILE_ONLY___ ├─────────────────────────────────────────────────────┬────────────┬──────────┤
2025-01-09 14:23:58,002 INFO     ___FILE_ONLY___ 

2025-01-09 14:23:58,002 INFO     ___FILE_ONLY___ │                         Name                        │  Version   │   Size   │
2025-01-09 14:23:58,002 INFO     ___FILE_ONLY___ 

2025-01-09 14:23:58,002 INFO     ___FILE_ONLY___ ├─────────────────────────────────────────────────────┼────────────┼──────────┤
2025-01-09 14:23:58,002 INFO     ___FILE_ONLY___ 

2025-01-09 14:23:58,002 INFO     ___FILE_ONLY___ │ 
2025-01-09 14:23:58,002 INFO     ___FILE_ONLY___ BigQuery Command Line Tool                         
2025-01-09 14:23:58,002 INFO     ___FILE_ONLY___  
2025-01-09 14:23:58,002 INFO     ___FILE_ONLY___ │ 
2025-01-09 14:23:58,002 INFO     ___FILE_ONLY___     2.1.11
2025-01-09 14:23:58,002 INFO     ___FILE_ONLY___  
2025-01-09 14:23:58,002 INFO     ___FILE_ONLY___ │ 
2025-01-09 14:23:58,003 INFO     ___FILE_ONLY___  1.7 MiB
2025-01-09 14:23:58,003 INFO     ___FILE_ONLY___  
2025-01-09 14:23:58,003 INFO     ___FILE_ONLY___ │
2025-01-09 14:23:58,003 INFO     ___FILE_ONLY___ 

2025-01-09 14:23:58,003 INFO     ___FILE_ONLY___ │ 
2025-01-09 14:23:58,003 INFO     ___FILE_ONLY___ BigQuery Command Line Tool (Platform Specific)     
2025-01-09 14:23:58,003 INFO     ___FILE_ONLY___  
2025-01-09 14:23:58,003 INFO     ___FILE_ONLY___ │ 
2025-01-09 14:23:58,003 INFO     ___FILE_ONLY___      2.1.8
2025-01-09 14:23:58,003 INFO     ___FILE_ONLY___  
2025-01-09 14:23:58,003 INFO     ___FILE_ONLY___ │ 
2025-01-09 14:23:58,003 INFO     ___FILE_ONLY___  < 1 MiB
2025-01-09 14:23:58,003 INFO     ___FILE_ONLY___  
2025-01-09 14:23:58,003 INFO     ___FILE_ONLY___ │
2025-01-09 14:23:58,003 INFO     ___FILE_ONLY___ 

2025-01-09 14:23:58,003 INFO     ___FILE_ONLY___ │ 
2025-01-09 14:23:58,003 INFO     ___FILE_ONLY___ Bundled Python 3.11 (Platform Specific)            
2025-01-09 14:23:58,004 INFO     ___FILE_ONLY___  
2025-01-09 14:23:58,004 INFO     ___FILE_ONLY___ │ 
2025-01-09 14:23:58,004 INFO     ___FILE_ONLY___     3.11.9
2025-01-09 14:23:58,004 INFO     ___FILE_ONLY___  
2025-01-09 14:23:58,004 INFO     ___FILE_ONLY___ │ 
2025-01-09 14:23:58,004 INFO     ___FILE_ONLY___ 74.4 MiB
2025-01-09 14:23:58,004 INFO     ___FILE_ONLY___  
2025-01-09 14:23:58,004 INFO     ___FILE_ONLY___ │
2025-01-09 14:23:58,004 INFO     ___FILE_ONLY___ 

2025-01-09 14:23:58,004 INFO     ___FILE_ONLY___ │ 
2025-01-09 14:23:58,004 INFO     ___FILE_ONLY___ Cloud Storage Command Line Tool                    
2025-01-09 14:23:58,004 INFO     ___FILE_ONLY___  
2025-01-09 14:23:58,004 INFO     ___FILE_ONLY___ │ 
2025-01-09 14:23:58,004 INFO     ___FILE_ONLY___       5.33
2025-01-09 14:23:58,004 INFO     ___FILE_ONLY___  
2025-01-09 14:23:58,004 INFO     ___FILE_ONLY___ │ 
2025-01-09 14:23:58,004 INFO     ___FILE_ONLY___ 11.8 MiB
2025-01-09 14:23:58,004 INFO     ___FILE_ONLY___  
2025-01-09 14:23:58,004 INFO     ___FILE_ONLY___ │
2025-01-09 14:23:58,005 INFO     ___FILE_ONLY___ 

2025-01-09 14:23:58,005 INFO     ___FILE_ONLY___ │ 
2025-01-09 14:23:58,005 INFO     ___FILE_ONLY___ Cloud Storage Command Line Tool (Platform Specific)
2025-01-09 14:23:58,005 INFO     ___FILE_ONLY___  
2025-01-09 14:23:58,005 INFO     ___FILE_ONLY___ │ 
2025-01-09 14:23:58,005 INFO     ___FILE_ONLY___       5.30
2025-01-09 14:23:58,005 INFO     ___FILE_ONLY___  
2025-01-09 14:23:58,005 INFO     ___FILE_ONLY___ │ 
2025-01-09 14:23:58,005 INFO     ___FILE_ONLY___  < 1 MiB
2025-01-09 14:23:58,005 INFO     ___FILE_ONLY___  
2025-01-09 14:23:58,005 INFO     ___FILE_ONLY___ │
2025-01-09 14:23:58,005 INFO     ___FILE_ONLY___ 

2025-01-09 14:23:58,005 INFO     ___FILE_ONLY___ │ 
2025-01-09 14:23:58,005 INFO     ___FILE_ONLY___ Google Cloud CLI Core Libraries (Platform Specific)
2025-01-09 14:23:58,005 INFO     ___FILE_ONLY___  
2025-01-09 14:23:58,005 INFO     ___FILE_ONLY___ │ 
2025-01-09 14:23:58,005 INFO     ___FILE_ONLY___ 2024.08.30
2025-01-09 14:23:58,005 INFO     ___FILE_ONLY___  
2025-01-09 14:23:58,006 INFO     ___FILE_ONLY___ │ 
2025-01-09 14:23:58,006 INFO     ___FILE_ONLY___  < 1 MiB
2025-01-09 14:23:58,006 INFO     ___FILE_ONLY___  
2025-01-09 14:23:58,006 INFO     ___FILE_ONLY___ │
2025-01-09 14:23:58,006 INFO     ___FILE_ONLY___ 

2025-01-09 14:23:58,006 INFO     ___FILE_ONLY___ │ 
2025-01-09 14:23:58,006 INFO     ___FILE_ONLY___ Google Cloud CRC32C Hash Tool (Platform Specific)  
2025-01-09 14:23:58,006 INFO     ___FILE_ONLY___  
2025-01-09 14:23:58,006 INFO     ___FILE_ONLY___ │ 
2025-01-09 14:23:58,006 INFO     ___FILE_ONLY___      1.0.0
2025-01-09 14:23:58,006 INFO     ___FILE_ONLY___  
2025-01-09 14:23:58,006 INFO     ___FILE_ONLY___ │ 
2025-01-09 14:23:58,006 INFO     ___FILE_ONLY___  1.3 MiB
2025-01-09 14:23:58,006 INFO     ___FILE_ONLY___  
2025-01-09 14:23:58,006 INFO     ___FILE_ONLY___ │
2025-01-09 14:23:58,006 INFO     ___FILE_ONLY___ 

2025-01-09 14:23:58,007 INFO     ___FILE_ONLY___ │ 
2025-01-09 14:23:58,007 INFO     ___FILE_ONLY___ gcloud cli dependencies (Platform Specific)        
2025-01-09 14:23:58,007 INFO     ___FILE_ONLY___  
2025-01-09 14:23:58,007 INFO     ___FILE_ONLY___ │ 
2025-01-09 14:23:58,007 INFO     ___FILE_ONLY___ 2021.04.16
2025-01-09 14:23:58,007 INFO     ___FILE_ONLY___  
2025-01-09 14:23:58,007 INFO     ___FILE_ONLY___ │ 
2025-01-09 14:23:58,007 INFO     ___FILE_ONLY___  < 1 MiB
2025-01-09 14:23:58,007 INFO     ___FILE_ONLY___  
2025-01-09 14:23:58,007 INFO     ___FILE_ONLY___ │
2025-01-09 14:23:58,007 INFO     ___FILE_ONLY___ 

2025-01-09 14:23:58,007 INFO     ___FILE_ONLY___ └─────────────────────────────────────────────────────┴────────────┴──────────┘
2025-01-09 14:23:58,007 INFO     ___FILE_ONLY___ 

2025-01-09 14:23:58,007 INFO     ___FILE_ONLY___ 

2025-01-09 14:23:58,011 DEBUG    urllib3.connectionpool Starting new HTTPS connection (1): dl.google.com:443
2025-01-09 14:23:58,122 DEBUG    urllib3.connectionpool https://dl.google.com:443 "GET /dl/cloudsdk/channels/rapid/RELEASE_NOTES HTTP/1.1" 200 1336749
2025-01-09 14:23:58,160 INFO     ___FILE_ONLY___ For the latest full release notes, please visit:
  https://cloud.google.com/sdk/release_notes


2025-01-09 14:23:58,161 INFO     ___FILE_ONLY___ Performing in place update...


2025-01-09 14:23:58,163 INFO     ___FILE_ONLY___ ╔════════════════════════════════════════════════════════════╗

2025-01-09 14:23:58,163 INFO     ___FILE_ONLY___ ╠═ Downloading: BigQuery Command Line Tool                  ═╣

2025-01-09 14:23:58,163 INFO     ___FILE_ONLY___ ╚
2025-01-09 14:23:58,166 DEBUG    urllib3.connectionpool Starting new HTTPS connection (1): dl.google.com:443
2025-01-09 14:23:58,474 DEBUG    urllib3.connectionpool https://dl.google.com:443 "GET /dl/cloudsdk/channels/rapid/components/google-cloud-sdk-bq-20241213184646.tar.gz HTTP/1.1" 200 1828274
2025-01-09 14:23:58,487 INFO     ___FILE_ONLY___ ═
2025-01-09 14:23:58,488 INFO     ___FILE_ONLY___ ═
2025-01-09 14:23:58,488 INFO     ___FILE_ONLY___ ═
2025-01-09 14:23:58,488 INFO     ___FILE_ONLY___ ═
2025-01-09 14:23:58,488 INFO     ___FILE_ONLY___ ═
2025-01-09 14:23:58,488 INFO     ___FILE_ONLY___ ═
2025-01-09 14:23:58,488 INFO     ___FILE_ONLY___ ═
2025-01-09 14:23:58,488 INFO     ___FILE_ONLY___ ═
2025-01-09 14:23:58,488 INFO     ___FILE_ONLY___ ═
2025-01-09 14:23:58,488 INFO     ___FILE_ONLY___ ═
2025-01-09 14:23:58,489 INFO     ___FILE_ONLY___ ═
2025-01-09 14:23:58,489 INFO     ___FILE_ONLY___ ═
2025-01-09 14:23:58,489 INFO     ___FILE_ONLY___ ═
2025-01-09 14:23:58,489 INFO     ___FILE_ONLY___ ═
2025-01-09 14:23:58,489 INFO     ___FILE_ONLY___ ═
2025-01-09 14:23:58,489 INFO     ___FILE_ONLY___ ═
2025-01-09 14:23:58,489 INFO     ___FILE_ONLY___ ═
2025-01-09 14:23:58,489 INFO     ___FILE_ONLY___ ═
2025-01-09 14:23:58,489 INFO     ___FILE_ONLY___ ═
2025-01-09 14:23:58,490 INFO     ___FILE_ONLY___ ═
2025-01-09 14:23:58,490 INFO     ___FILE_ONLY___ ═
2025-01-09 14:23:58,490 INFO     ___FILE_ONLY___ ═
2025-01-09 14:23:58,490 INFO     ___FILE_ONLY___ ═
2025-01-09 14:23:58,490 INFO     ___FILE_ONLY___ ═
2025-01-09 14:23:58,490 INFO     ___FILE_ONLY___ ═
2025-01-09 14:23:58,490 INFO     ___FILE_ONLY___ ═
2025-01-09 14:23:58,490 INFO     ___FILE_ONLY___ ═
2025-01-09 14:23:58,490 INFO     ___FILE_ONLY___ ═
2025-01-09 14:23:58,491 INFO     ___FILE_ONLY___ ═
2025-01-09 14:23:58,491 INFO     ___FILE_ONLY___ ═
2025-01-09 14:23:58,491 INFO     ___FILE_ONLY___ ═
2025-01-09 14:23:58,491 INFO     ___FILE_ONLY___ ═
2025-01-09 14:23:58,491 INFO     ___FILE_ONLY___ ═
2025-01-09 14:23:58,491 INFO     ___FILE_ONLY___ ═
2025-01-09 14:23:58,491 INFO     ___FILE_ONLY___ ═
2025-01-09 14:23:58,491 INFO     ___FILE_ONLY___ ═
2025-01-09 14:23:58,491 INFO     ___FILE_ONLY___ ═
2025-01-09 14:23:58,491 INFO     ___FILE_ONLY___ ═
2025-01-09 14:23:58,492 INFO     ___FILE_ONLY___ ═
2025-01-09 14:23:58,492 INFO     ___FILE_ONLY___ ═
2025-01-09 14:23:58,492 INFO     ___FILE_ONLY___ ═
2025-01-09 14:23:58,492 INFO     ___FILE_ONLY___ ═
2025-01-09 14:23:58,492 INFO     ___FILE_ONLY___ ═
2025-01-09 14:23:58,492 INFO     ___FILE_ONLY___ ═
2025-01-09 14:23:58,492 INFO     ___FILE_ONLY___ ═
2025-01-09 14:23:58,492 INFO     ___FILE_ONLY___ ═
2025-01-09 14:23:58,492 INFO     ___FILE_ONLY___ ═
2025-01-09 14:23:58,492 INFO     ___FILE_ONLY___ ═
2025-01-09 14:23:58,493 INFO     ___FILE_ONLY___ ═
2025-01-09 14:23:58,493 INFO     ___FILE_ONLY___ ═
2025-01-09 14:23:58,493 INFO     ___FILE_ONLY___ ═
2025-01-09 14:23:58,493 INFO     ___FILE_ONLY___ ═
2025-01-09 14:23:58,493 INFO     ___FILE_ONLY___ ═
2025-01-09 14:23:58,493 INFO     ___FILE_ONLY___ ═
2025-01-09 14:23:58,493 INFO     ___FILE_ONLY___ ═
2025-01-09 14:23:58,493 INFO     ___FILE_ONLY___ ═
2025-01-09 14:23:58,493 INFO     ___FILE_ONLY___ ═
2025-01-09 14:23:58,493 INFO     ___FILE_ONLY___ ═
2025-01-09 14:23:58,494 INFO     ___FILE_ONLY___ ═
2025-01-09 14:23:58,494 INFO     ___FILE_ONLY___ ═
2025-01-09 14:23:58,494 INFO     ___FILE_ONLY___ ╝

2025-01-09 14:23:58,496 INFO     ___FILE_ONLY___ ╔════════════════════════════════════════════════════════════╗

2025-01-09 14:23:58,496 INFO     ___FILE_ONLY___ ╠═ Downloading: BigQuery Command Line Tool (Platform Spe... ═╣

2025-01-09 14:23:58,496 INFO     ___FILE_ONLY___ ╚
2025-01-09 14:23:58,500 DEBUG    urllib3.connectionpool Starting new HTTPS connection (1): dl.google.com:443
2025-01-09 14:23:58,779 DEBUG    urllib3.connectionpool https://dl.google.com:443 "GET /dl/cloudsdk/channels/rapid/components/google-cloud-sdk-bq-nix-20240830134514.tar.gz HTTP/1.1" 200 1914
2025-01-09 14:23:58,780 INFO     ___FILE_ONLY___ ════════════════════════════════════════════════════════════
2025-01-09 14:23:58,780 INFO     ___FILE_ONLY___ ╝

2025-01-09 14:23:58,782 INFO     ___FILE_ONLY___ ╔════════════════════════════════════════════════════════════╗

2025-01-09 14:23:58,782 INFO     ___FILE_ONLY___ ╠═ Downloading: Bundled Python 3.11                         ═╣

2025-01-09 14:23:58,782 INFO     ___FILE_ONLY___ ╚
2025-01-09 14:23:58,782 INFO     ___FILE_ONLY___ ════════════════════════════════════════════════════════════
2025-01-09 14:23:58,783 INFO     ___FILE_ONLY___ ╝

2025-01-09 14:23:58,784 INFO     ___FILE_ONLY___ ╔════════════════════════════════════════════════════════════╗

2025-01-09 14:23:58,784 INFO     ___FILE_ONLY___ ╠═ Downloading: Bundled Python 3.11 (Platform Specific)     ═╣

2025-01-09 14:23:58,785 INFO     ___FILE_ONLY___ ╚
2025-01-09 14:23:58,788 DEBUG    urllib3.connectionpool Starting new HTTPS connection (1): dl.google.com:443
2025-01-09 14:23:58,897 DEBUG    urllib3.connectionpool https://dl.google.com:443 "GET /dl/cloudsdk/channels/rapid/components/google-cloud-sdk-bundled-python3-unix-linux-x86_64-20240920144119.tar.gz HTTP/1.1" 200 78001783
2025-01-09 14:23:59,161 INFO     ___FILE_ONLY___ ═
2025-01-09 14:23:59,163 INFO     ___FILE_ONLY___ ═
2025-01-09 14:23:59,165 INFO     ___FILE_ONLY___ ═
2025-01-09 14:23:59,166 INFO     ___FILE_ONLY___ ═
2025-01-09 14:23:59,168 INFO     ___FILE_ONLY___ ═
2025-01-09 14:23:59,170 INFO     ___FILE_ONLY___ ═
2025-01-09 14:23:59,171 INFO     ___FILE_ONLY___ ═
2025-01-09 14:23:59,173 INFO     ___FILE_ONLY___ ═
2025-01-09 14:23:59,175 INFO     ___FILE_ONLY___ ═
2025-01-09 14:23:59,176 INFO     ___FILE_ONLY___ ═
2025-01-09 14:23:59,178 INFO     ___FILE_ONLY___ ═
2025-01-09 14:23:59,180 INFO     ___FILE_ONLY___ ═
2025-01-09 14:23:59,182 INFO     ___FILE_ONLY___ ═
2025-01-09 14:23:59,183 INFO     ___FILE_ONLY___ ═
2025-01-09 14:23:59,185 INFO     ___FILE_ONLY___ ═
2025-01-09 14:23:59,187 INFO     ___FILE_ONLY___ ═
2025-01-09 14:23:59,188 INFO     ___FILE_ONLY___ ═
2025-01-09 14:23:59,190 INFO     ___FILE_ONLY___ ═
2025-01-09 14:23:59,192 INFO     ___FILE_ONLY___ ═
2025-01-09 14:23:59,194 INFO     ___FILE_ONLY___ ═
2025-01-09 14:23:59,195 INFO     ___FILE_ONLY___ ═
2025-01-09 14:23:59,197 INFO     ___FILE_ONLY___ ═
2025-01-09 14:23:59,199 INFO     ___FILE_ONLY___ ═
2025-01-09 14:23:59,200 INFO     ___FILE_ONLY___ ═
2025-01-09 14:23:59,202 INFO     ___FILE_ONLY___ ═
2025-01-09 14:23:59,204 INFO     ___FILE_ONLY___ ═
2025-01-09 14:23:59,206 INFO     ___FILE_ONLY___ ═
2025-01-09 14:23:59,207 INFO     ___FILE_ONLY___ ═
2025-01-09 14:23:59,209 INFO     ___FILE_ONLY___ ═
2025-01-09 14:23:59,211 INFO     ___FILE_ONLY___ ═
2025-01-09 14:23:59,212 INFO     ___FILE_ONLY___ ═
2025-01-09 14:23:59,214 INFO     ___FILE_ONLY___ ═
2025-01-09 14:23:59,216 INFO     ___FILE_ONLY___ ═
2025-01-09 14:23:59,217 INFO     ___FILE_ONLY___ ═
2025-01-09 14:23:59,219 INFO     ___FILE_ONLY___ ═
2025-01-09 14:23:59,221 INFO     ___FILE_ONLY___ ═
2025-01-09 14:23:59,222 INFO     ___FILE_ONLY___ ═
2025-01-09 14:23:59,224 INFO     ___FILE_ONLY___ ═
2025-01-09 14:23:59,226 INFO     ___FILE_ONLY___ ═
2025-01-09 14:23:59,228 INFO     ___FILE_ONLY___ ═
2025-01-09 14:23:59,229 INFO     ___FILE_ONLY___ ═
2025-01-09 14:23:59,231 INFO     ___FILE_ONLY___ ═
2025-01-09 14:23:59,233 INFO     ___FILE_ONLY___ ═
2025-01-09 14:23:59,234 INFO     ___FILE_ONLY___ ═
2025-01-09 14:23:59,236 INFO     ___FILE_ONLY___ ═
2025-01-09 14:23:59,238 INFO     ___FILE_ONLY___ ═
2025-01-09 14:23:59,239 INFO     ___FILE_ONLY___ ═
2025-01-09 14:23:59,241 INFO     ___FILE_ONLY___ ═
2025-01-09 14:23:59,243 INFO     ___FILE_ONLY___ ═
2025-01-09 14:23:59,244 INFO     ___FILE_ONLY___ ═
2025-01-09 14:23:59,246 INFO     ___FILE_ONLY___ ═
2025-01-09 14:23:59,248 INFO     ___FILE_ONLY___ ═
2025-01-09 14:23:59,249 INFO     ___FILE_ONLY___ ═
2025-01-09 14:23:59,251 INFO     ___FILE_ONLY___ ═
2025-01-09 14:23:59,253 INFO     ___FILE_ONLY___ ═
2025-01-09 14:23:59,254 INFO     ___FILE_ONLY___ ═
2025-01-09 14:23:59,256 INFO     ___FILE_ONLY___ ═
2025-01-09 14:23:59,257 INFO     ___FILE_ONLY___ ═
2025-01-09 14:23:59,259 INFO     ___FILE_ONLY___ ═
2025-01-09 14:23:59,261 INFO     ___FILE_ONLY___ ═
2025-01-09 14:23:59,261 INFO     ___FILE_ONLY___ ╝

2025-01-09 14:23:59,263 INFO     ___FILE_ONLY___ ╔════════════════════════════════════════════════════════════╗

2025-01-09 14:23:59,263 INFO     ___FILE_ONLY___ ╠═ Downloading: Cloud Storage Command Line Tool             ═╣

2025-01-09 14:23:59,264 INFO     ___FILE_ONLY___ ╚
2025-01-09 14:23:59,274 DEBUG    urllib3.connectionpool Starting new HTTPS connection (1): dl.google.com:443
2025-01-09 14:23:59,388 DEBUG    urllib3.connectionpool https://dl.google.com:443 "GET /dl/cloudsdk/channels/rapid/components/google-cloud-sdk-gsutil-20241213184646.tar.gz HTTP/1.1" 200 12368759
2025-01-09 14:23:59,445 INFO     ___FILE_ONLY___ ═
2025-01-09 14:23:59,446 INFO     ___FILE_ONLY___ ═
2025-01-09 14:23:59,447 INFO     ___FILE_ONLY___ ═
2025-01-09 14:23:59,447 INFO     ___FILE_ONLY___ ═
2025-01-09 14:23:59,447 INFO     ___FILE_ONLY___ ═
2025-01-09 14:23:59,448 INFO     ___FILE_ONLY___ ═
2025-01-09 14:23:59,448 INFO     ___FILE_ONLY___ ═
2025-01-09 14:23:59,449 INFO     ___FILE_ONLY___ ═
2025-01-09 14:23:59,449 INFO     ___FILE_ONLY___ ═
2025-01-09 14:23:59,449 INFO     ___FILE_ONLY___ ═
2025-01-09 14:23:59,450 INFO     ___FILE_ONLY___ ═
2025-01-09 14:23:59,450 INFO     ___FILE_ONLY___ ═
2025-01-09 14:23:59,451 INFO     ___FILE_ONLY___ ═
2025-01-09 14:23:59,451 INFO     ___FILE_ONLY___ ═
2025-01-09 14:23:59,451 INFO     ___FILE_ONLY___ ═
2025-01-09 14:23:59,452 INFO     ___FILE_ONLY___ ═
2025-01-09 14:23:59,452 INFO     ___FILE_ONLY___ ═
2025-01-09 14:23:59,453 INFO     ___FILE_ONLY___ ═
2025-01-09 14:23:59,453 INFO     ___FILE_ONLY___ ═
2025-01-09 14:23:59,453 INFO     ___FILE_ONLY___ ═
2025-01-09 14:23:59,454 INFO     ___FILE_ONLY___ ═
2025-01-09 14:23:59,454 INFO     ___FILE_ONLY___ ═
2025-01-09 14:23:59,455 INFO     ___FILE_ONLY___ ═
2025-01-09 14:23:59,455 INFO     ___FILE_ONLY___ ═
2025-01-09 14:23:59,455 INFO     ___FILE_ONLY___ ═
2025-01-09 14:23:59,456 INFO     ___FILE_ONLY___ ═
2025-01-09 14:23:59,456 INFO     ___FILE_ONLY___ ═
2025-01-09 14:23:59,457 INFO     ___FILE_ONLY___ ═
2025-01-09 14:23:59,457 INFO     ___FILE_ONLY___ ═
2025-01-09 14:23:59,457 INFO     ___FILE_ONLY___ ═
2025-01-09 14:23:59,458 INFO     ___FILE_ONLY___ ═
2025-01-09 14:23:59,458 INFO     ___FILE_ONLY___ ═
2025-01-09 14:23:59,459 INFO     ___FILE_ONLY___ ═
2025-01-09 14:23:59,459 INFO     ___FILE_ONLY___ ═
2025-01-09 14:23:59,459 INFO     ___FILE_ONLY___ ═
2025-01-09 14:23:59,460 INFO     ___FILE_ONLY___ ═
2025-01-09 14:23:59,460 INFO     ___FILE_ONLY___ ═
2025-01-09 14:23:59,460 INFO     ___FILE_ONLY___ ═
2025-01-09 14:23:59,461 INFO     ___FILE_ONLY___ ═
2025-01-09 14:23:59,461 INFO     ___FILE_ONLY___ ═
2025-01-09 14:23:59,462 INFO     ___FILE_ONLY___ ═
2025-01-09 14:23:59,462 INFO     ___FILE_ONLY___ ═
2025-01-09 14:23:59,462 INFO     ___FILE_ONLY___ ═
2025-01-09 14:23:59,463 INFO     ___FILE_ONLY___ ═
2025-01-09 14:23:59,463 INFO     ___FILE_ONLY___ ═
2025-01-09 14:23:59,464 INFO     ___FILE_ONLY___ ═
2025-01-09 14:23:59,464 INFO     ___FILE_ONLY___ ═
2025-01-09 14:23:59,464 INFO     ___FILE_ONLY___ ═
2025-01-09 14:23:59,465 INFO     ___FILE_ONLY___ ═
2025-01-09 14:23:59,465 INFO     ___FILE_ONLY___ ═
2025-01-09 14:23:59,465 INFO     ___FILE_ONLY___ ═
2025-01-09 14:23:59,466 INFO     ___FILE_ONLY___ ═
2025-01-09 14:23:59,466 INFO     ___FILE_ONLY___ ═
2025-01-09 14:23:59,467 INFO     ___FILE_ONLY___ ═
2025-01-09 14:23:59,467 INFO     ___FILE_ONLY___ ═
2025-01-09 14:23:59,467 INFO     ___FILE_ONLY___ ═
2025-01-09 14:23:59,468 INFO     ___FILE_ONLY___ ═
2025-01-09 14:23:59,468 INFO     ___FILE_ONLY___ ═
2025-01-09 14:23:59,469 INFO     ___FILE_ONLY___ ═
2025-01-09 14:23:59,469 INFO     ___FILE_ONLY___ ═
2025-01-09 14:23:59,469 INFO     ___FILE_ONLY___ ╝

2025-01-09 14:23:59,472 INFO     ___FILE_ONLY___ ╔════════════════════════════════════════════════════════════╗

2025-01-09 14:23:59,472 INFO     ___FILE_ONLY___ ╠═ Downloading: Cloud Storage Command Line Tool (Platfor... ═╣

2025-01-09 14:23:59,472 INFO     ___FILE_ONLY___ ╚
2025-01-09 14:23:59,475 DEBUG    urllib3.connectionpool Starting new HTTPS connection (1): dl.google.com:443
2025-01-09 14:23:59,576 DEBUG    urllib3.connectionpool https://dl.google.com:443 "GET /dl/cloudsdk/channels/rapid/components/google-cloud-sdk-gsutil-nix-20240830134514.tar.gz HTTP/1.1" 200 1928
2025-01-09 14:23:59,577 INFO     ___FILE_ONLY___ ════════════════════════════════════════════════════════════
2025-01-09 14:23:59,577 INFO     ___FILE_ONLY___ ╝

2025-01-09 14:23:59,579 INFO     ___FILE_ONLY___ ╔════════════════════════════════════════════════════════════╗

2025-01-09 14:23:59,580 INFO     ___FILE_ONLY___ ╠═ Downloading: Default set of gcloud commands              ═╣

2025-01-09 14:23:59,580 INFO     ___FILE_ONLY___ ╚
2025-01-09 14:23:59,580 INFO     ___FILE_ONLY___ ════════════════════════════════════════════════════════════
2025-01-09 14:23:59,580 INFO     ___FILE_ONLY___ ╝

2025-01-09 14:23:59,582 INFO     ___FILE_ONLY___ ╔════════════════════════════════════════════════════════════╗

2025-01-09 14:23:59,582 INFO     ___FILE_ONLY___ ╠═ Downloading: Google Cloud CLI Core Libraries (Platfor... ═╣

2025-01-09 14:23:59,582 INFO     ___FILE_ONLY___ ╚
2025-01-09 14:23:59,585 DEBUG    urllib3.connectionpool Starting new HTTPS connection (1): dl.google.com:443
2025-01-09 14:23:59,692 DEBUG    urllib3.connectionpool https://dl.google.com:443 "GET /dl/cloudsdk/channels/rapid/components/google-cloud-sdk-core-nix-20240830134514.tar.gz HTTP/1.1" 200 2306
2025-01-09 14:23:59,693 INFO     ___FILE_ONLY___ ════════════════════════════════════════════════════════════
2025-01-09 14:23:59,693 INFO     ___FILE_ONLY___ ╝

2025-01-09 14:23:59,695 INFO     ___FILE_ONLY___ ╔════════════════════════════════════════════════════════════╗

2025-01-09 14:23:59,696 INFO     ___FILE_ONLY___ ╠═ Downloading: Google Cloud CRC32C Hash Tool               ═╣

2025-01-09 14:23:59,696 INFO     ___FILE_ONLY___ ╚
2025-01-09 14:23:59,696 INFO     ___FILE_ONLY___ ════════════════════════════════════════════════════════════
2025-01-09 14:23:59,696 INFO     ___FILE_ONLY___ ╝

2025-01-09 14:23:59,698 INFO     ___FILE_ONLY___ ╔════════════════════════════════════════════════════════════╗

2025-01-09 14:23:59,698 INFO     ___FILE_ONLY___ ╠═ Downloading: Google Cloud CRC32C Hash Tool (Platform ... ═╣

2025-01-09 14:23:59,698 INFO     ___FILE_ONLY___ ╚
2025-01-09 14:23:59,701 DEBUG    urllib3.connectionpool Starting new HTTPS connection (1): dl.google.com:443
2025-01-09 14:23:59,810 DEBUG    urllib3.connectionpool https://dl.google.com:443 "GET /dl/cloudsdk/channels/rapid/components/google-cloud-sdk-gcloud-crc32c-linux-x86_64-20240712142834.tar.gz HTTP/1.1" 200 1350263
2025-01-09 14:23:59,819 INFO     ___FILE_ONLY___ ═
2025-01-09 14:23:59,820 INFO     ___FILE_ONLY___ ═
2025-01-09 14:23:59,820 INFO     ___FILE_ONLY___ ═
2025-01-09 14:23:59,820 INFO     ___FILE_ONLY___ ═
2025-01-09 14:23:59,820 INFO     ___FILE_ONLY___ ═
2025-01-09 14:23:59,820 INFO     ___FILE_ONLY___ ═
2025-01-09 14:23:59,820 INFO     ___FILE_ONLY___ ═
2025-01-09 14:23:59,820 INFO     ___FILE_ONLY___ ═
2025-01-09 14:23:59,820 INFO     ___FILE_ONLY___ ═
2025-01-09 14:23:59,820 INFO     ___FILE_ONLY___ ═
2025-01-09 14:23:59,820 INFO     ___FILE_ONLY___ ═
2025-01-09 14:23:59,821 INFO     ___FILE_ONLY___ ═
2025-01-09 14:23:59,821 INFO     ___FILE_ONLY___ ═
2025-01-09 14:23:59,821 INFO     ___FILE_ONLY___ ═
2025-01-09 14:23:59,821 INFO     ___FILE_ONLY___ ═
2025-01-09 14:23:59,821 INFO     ___FILE_ONLY___ ═
2025-01-09 14:23:59,821 INFO     ___FILE_ONLY___ ═
2025-01-09 14:23:59,821 INFO     ___FILE_ONLY___ ═
2025-01-09 14:23:59,821 INFO     ___FILE_ONLY___ ═
2025-01-09 14:23:59,821 INFO     ___FILE_ONLY___ ═
2025-01-09 14:23:59,821 INFO     ___FILE_ONLY___ ═
2025-01-09 14:23:59,821 INFO     ___FILE_ONLY___ ═
2025-01-09 14:23:59,822 INFO     ___FILE_ONLY___ ═
2025-01-09 14:23:59,822 INFO     ___FILE_ONLY___ ═
2025-01-09 14:23:59,822 INFO     ___FILE_ONLY___ ═
2025-01-09 14:23:59,822 INFO     ___FILE_ONLY___ ═
2025-01-09 14:23:59,822 INFO     ___FILE_ONLY___ ═
2025-01-09 14:23:59,822 INFO     ___FILE_ONLY___ ═
2025-01-09 14:23:59,822 INFO     ___FILE_ONLY___ ═
2025-01-09 14:23:59,822 INFO     ___FILE_ONLY___ ═
2025-01-09 14:23:59,822 INFO     ___FILE_ONLY___ ═
2025-01-09 14:23:59,822 INFO     ___FILE_ONLY___ ═
2025-01-09 14:23:59,823 INFO     ___FILE_ONLY___ ═
2025-01-09 14:23:59,823 INFO     ___FILE_ONLY___ ═
2025-01-09 14:23:59,823 INFO     ___FILE_ONLY___ ═
2025-01-09 14:23:59,823 INFO     ___FILE_ONLY___ ═
2025-01-09 14:23:59,823 INFO     ___FILE_ONLY___ ═
2025-01-09 14:23:59,823 INFO     ___FILE_ONLY___ ═
2025-01-09 14:23:59,823 INFO     ___FILE_ONLY___ ═
2025-01-09 14:23:59,823 INFO     ___FILE_ONLY___ ═
2025-01-09 14:23:59,823 INFO     ___FILE_ONLY___ ═
2025-01-09 14:23:59,824 INFO     ___FILE_ONLY___ ═
2025-01-09 14:23:59,824 INFO     ___FILE_ONLY___ ═
2025-01-09 14:23:59,824 INFO     ___FILE_ONLY___ ═
2025-01-09 14:23:59,824 INFO     ___FILE_ONLY___ ═
2025-01-09 14:23:59,824 INFO     ___FILE_ONLY___ ═
2025-01-09 14:23:59,824 INFO     ___FILE_ONLY___ ═
2025-01-09 14:23:59,824 INFO     ___FILE_ONLY___ ═
2025-01-09 14:23:59,824 INFO     ___FILE_ONLY___ ═
2025-01-09 14:23:59,824 INFO     ___FILE_ONLY___ ═
2025-01-09 14:23:59,825 INFO     ___FILE_ONLY___ ═
2025-01-09 14:23:59,825 INFO     ___FILE_ONLY___ ═
2025-01-09 14:23:59,825 INFO     ___FILE_ONLY___ ═
2025-01-09 14:23:59,825 INFO     ___FILE_ONLY___ ═
2025-01-09 14:23:59,825 INFO     ___FILE_ONLY___ ═
2025-01-09 14:23:59,825 INFO     ___FILE_ONLY___ ═
2025-01-09 14:23:59,825 INFO     ___FILE_ONLY___ ═
2025-01-09 14:23:59,825 INFO     ___FILE_ONLY___ ═
2025-01-09 14:23:59,825 INFO     ___FILE_ONLY___ ═
2025-01-09 14:23:59,825 INFO     ___FILE_ONLY___ ═
2025-01-09 14:23:59,825 INFO     ___FILE_ONLY___ ╝

2025-01-09 14:23:59,828 INFO     ___FILE_ONLY___ ╔════════════════════════════════════════════════════════════╗

2025-01-09 14:23:59,828 INFO     ___FILE_ONLY___ ╠═ Downloading: gcloud cli dependencies (Platform Specific) ═╣

2025-01-09 14:23:59,828 INFO     ___FILE_ONLY___ ╚
2025-01-09 14:23:59,831 DEBUG    urllib3.connectionpool Starting new HTTPS connection (1): dl.google.com:443
2025-01-09 14:23:59,934 DEBUG    urllib3.connectionpool https://dl.google.com:443 "GET /dl/cloudsdk/channels/rapid/components/google-cloud-sdk-gcloud-deps-linux-x86_64-20210416153011.tar.gz HTTP/1.1" 200 104
2025-01-09 14:23:59,935 INFO     ___FILE_ONLY___ ════════════════════════════════════════════════════════════
2025-01-09 14:23:59,935 INFO     ___FILE_ONLY___ ╝

2025-01-09 14:23:59,937 INFO     ___FILE_ONLY___ ╔════════════════════════════════════════════════════════════╗

2025-01-09 14:23:59,938 INFO     ___FILE_ONLY___ ╠═ Installing: BigQuery Command Line Tool                   ═╣

2025-01-09 14:23:59,938 INFO     ___FILE_ONLY___ ╚
2025-01-09 14:24:00,044 INFO     ___FILE_ONLY___ ═
2025-01-09 14:24:00,048 INFO     ___FILE_ONLY___ ═
2025-01-09 14:24:00,050 INFO     ___FILE_ONLY___ ═
2025-01-09 14:24:00,053 INFO     ___FILE_ONLY___ ═
2025-01-09 14:24:00,056 INFO     ___FILE_ONLY___ ═
2025-01-09 14:24:00,058 INFO     ___FILE_ONLY___ ═
2025-01-09 14:24:00,061 INFO     ___FILE_ONLY___ ═
2025-01-09 14:24:00,063 INFO     ___FILE_ONLY___ ═
2025-01-09 14:24:00,066 INFO     ___FILE_ONLY___ ═
2025-01-09 14:24:00,068 INFO     ___FILE_ONLY___ ═
2025-01-09 14:24:00,070 INFO     ___FILE_ONLY___ ═
2025-01-09 14:24:00,073 INFO     ___FILE_ONLY___ ═
2025-01-09 14:24:00,075 INFO     ___FILE_ONLY___ ═
2025-01-09 14:24:00,078 INFO     ___FILE_ONLY___ ═
2025-01-09 14:24:00,080 INFO     ___FILE_ONLY___ ═
2025-01-09 14:24:00,083 INFO     ___FILE_ONLY___ ═
2025-01-09 14:24:00,085 INFO     ___FILE_ONLY___ ═
2025-01-09 14:24:00,088 INFO     ___FILE_ONLY___ ═
2025-01-09 14:24:00,091 INFO     ___FILE_ONLY___ ═
2025-01-09 14:24:00,094 INFO     ___FILE_ONLY___ ═
2025-01-09 14:24:00,096 INFO     ___FILE_ONLY___ ═
2025-01-09 14:24:00,099 INFO     ___FILE_ONLY___ ═
2025-01-09 14:24:00,101 INFO     ___FILE_ONLY___ ═
2025-01-09 14:24:00,104 INFO     ___FILE_ONLY___ ═
2025-01-09 14:24:00,107 INFO     ___FILE_ONLY___ ═
2025-01-09 14:24:00,109 INFO     ___FILE_ONLY___ ═
2025-01-09 14:24:00,112 INFO     ___FILE_ONLY___ ═
2025-01-09 14:24:00,115 INFO     ___FILE_ONLY___ ═
2025-01-09 14:24:00,119 INFO     ___FILE_ONLY___ ═
2025-01-09 14:24:00,121 INFO     ___FILE_ONLY___ ═
2025-01-09 14:24:00,124 INFO     ___FILE_ONLY___ ═
2025-01-09 14:24:00,126 INFO     ___FILE_ONLY___ ═
2025-01-09 14:24:00,130 INFO     ___FILE_ONLY___ ═
2025-01-09 14:24:00,135 INFO     ___FILE_ONLY___ ═
2025-01-09 14:24:00,144 INFO     ___FILE_ONLY___ ═
2025-01-09 14:24:00,146 INFO     ___FILE_ONLY___ ═
2025-01-09 14:24:00,149 INFO     ___FILE_ONLY___ ═
2025-01-09 14:24:00,155 INFO     ___FILE_ONLY___ ═
2025-01-09 14:24:00,157 INFO     ___FILE_ONLY___ ═
2025-01-09 14:24:00,160 INFO     ___FILE_ONLY___ ═
2025-01-09 14:24:00,163 INFO     ___FILE_ONLY___ ═
2025-01-09 14:24:00,165 INFO     ___FILE_ONLY___ ═
2025-01-09 14:24:00,171 INFO     ___FILE_ONLY___ ═
2025-01-09 14:24:00,174 INFO     ___FILE_ONLY___ ═
2025-01-09 14:24:00,176 INFO     ___FILE_ONLY___ ═
2025-01-09 14:24:00,179 INFO     ___FILE_ONLY___ ═
2025-01-09 14:24:00,181 INFO     ___FILE_ONLY___ ═
2025-01-09 14:24:00,184 INFO     ___FILE_ONLY___ ═
2025-01-09 14:24:00,186 INFO     ___FILE_ONLY___ ═
2025-01-09 14:24:00,189 INFO     ___FILE_ONLY___ ═
2025-01-09 14:24:00,191 INFO     ___FILE_ONLY___ ═
2025-01-09 14:24:00,194 INFO     ___FILE_ONLY___ ═
2025-01-09 14:24:00,196 INFO     ___FILE_ONLY___ ═
2025-01-09 14:24:00,199 INFO     ___FILE_ONLY___ ═
2025-01-09 14:24:00,202 INFO     ___FILE_ONLY___ ═
2025-01-09 14:24:00,204 INFO     ___FILE_ONLY___ ═
2025-01-09 14:24:00,206 INFO     ___FILE_ONLY___ ═
2025-01-09 14:24:00,209 INFO     ___FILE_ONLY___ ═
2025-01-09 14:24:00,211 INFO     ___FILE_ONLY___ ═
2025-01-09 14:24:00,214 INFO     ___FILE_ONLY___ ═
2025-01-09 14:24:00,214 INFO     ___FILE_ONLY___ ╝

2025-01-09 14:24:00,229 INFO     ___FILE_ONLY___ ╔════════════════════════════════════════════════════════════╗

2025-01-09 14:24:00,229 INFO     ___FILE_ONLY___ ╠═ Installing: BigQuery Command Line Tool (Platform Spec... ═╣

2025-01-09 14:24:00,229 INFO     ___FILE_ONLY___ ╚
2025-01-09 14:24:00,230 INFO     ___FILE_ONLY___ ════════════════════════════════════════════════════════════
2025-01-09 14:24:00,230 INFO     ___FILE_ONLY___ ╝

2025-01-09 14:24:00,236 INFO     ___FILE_ONLY___ ╔════════════════════════════════════════════════════════════╗

2025-01-09 14:24:00,236 INFO     ___FILE_ONLY___ ╠═ Installing: Bundled Python 3.11                          ═╣

2025-01-09 14:24:00,236 INFO     ___FILE_ONLY___ ╚
2025-01-09 14:24:00,240 INFO     ___FILE_ONLY___ ════════════════════════════════════════════════════════════
2025-01-09 14:24:00,240 INFO     ___FILE_ONLY___ ╝

2025-01-09 14:24:00,242 INFO     ___FILE_ONLY___ ╔════════════════════════════════════════════════════════════╗

2025-01-09 14:24:00,242 INFO     ___FILE_ONLY___ ╠═ Installing: Bundled Python 3.11 (Platform Specific)      ═╣

2025-01-09 14:24:00,242 INFO     ___FILE_ONLY___ ╚
2025-01-09 14:24:02,242 INFO     ___FILE_ONLY___ ═
2025-01-09 14:24:02,258 INFO     ___FILE_ONLY___ ═
2025-01-09 14:24:02,273 INFO     ___FILE_ONLY___ ═
2025-01-09 14:24:02,286 INFO     ___FILE_ONLY___ ═
2025-01-09 14:24:02,300 INFO     ___FILE_ONLY___ ═
2025-01-09 14:24:02,313 INFO     ___FILE_ONLY___ ═
2025-01-09 14:24:02,327 INFO     ___FILE_ONLY___ ═
2025-01-09 14:24:02,340 INFO     ___FILE_ONLY___ ═
2025-01-09 14:24:02,353 INFO     ___FILE_ONLY___ ═
2025-01-09 14:24:02,366 INFO     ___FILE_ONLY___ ═
2025-01-09 14:24:02,379 INFO     ___FILE_ONLY___ ═
2025-01-09 14:24:02,392 INFO     ___FILE_ONLY___ ═
2025-01-09 14:24:02,406 INFO     ___FILE_ONLY___ ═
2025-01-09 14:24:02,419 INFO     ___FILE_ONLY___ ═
2025-01-09 14:24:02,432 INFO     ___FILE_ONLY___ ═
2025-01-09 14:24:02,446 INFO     ___FILE_ONLY___ ═
2025-01-09 14:24:02,460 INFO     ___FILE_ONLY___ ═
2025-01-09 14:24:02,473 INFO     ___FILE_ONLY___ ═
2025-01-09 14:24:02,486 INFO     ___FILE_ONLY___ ═
2025-01-09 14:24:02,499 INFO     ___FILE_ONLY___ ═
2025-01-09 14:24:02,512 INFO     ___FILE_ONLY___ ═
2025-01-09 14:24:02,525 INFO     ___FILE_ONLY___ ═
2025-01-09 14:24:02,538 INFO     ___FILE_ONLY___ ═
2025-01-09 14:24:02,552 INFO     ___FILE_ONLY___ ═
2025-01-09 14:24:02,566 INFO     ___FILE_ONLY___ ═
2025-01-09 14:24:02,579 INFO     ___FILE_ONLY___ ═
2025-01-09 14:24:02,592 INFO     ___FILE_ONLY___ ═
2025-01-09 14:24:02,606 INFO     ___FILE_ONLY___ ═
2025-01-09 14:24:02,619 INFO     ___FILE_ONLY___ ═
2025-01-09 14:24:02,632 INFO     ___FILE_ONLY___ ═
2025-01-09 14:24:02,645 INFO     ___FILE_ONLY___ ═
2025-01-09 14:24:02,659 INFO     ___FILE_ONLY___ ═
2025-01-09 14:24:02,672 INFO     ___FILE_ONLY___ ═
2025-01-09 14:24:02,685 INFO     ___FILE_ONLY___ ═
2025-01-09 14:24:02,699 INFO     ___FILE_ONLY___ ═
2025-01-09 14:24:02,714 INFO     ___FILE_ONLY___ ═
2025-01-09 14:24:03,464 INFO     ___FILE_ONLY___ ═
2025-01-09 14:24:03,491 INFO     ___FILE_ONLY___ ═
2025-01-09 14:24:03,515 INFO     ___FILE_ONLY___ ═
2025-01-09 14:24:03,536 INFO     ___FILE_ONLY___ ═
2025-01-09 14:24:03,558 INFO     ___FILE_ONLY___ ═
2025-01-09 14:24:03,699 INFO     ___FILE_ONLY___ ═
2025-01-09 14:24:03,729 INFO     ___FILE_ONLY___ ═
2025-01-09 14:24:03,749 INFO     ___FILE_ONLY___ ═
2025-01-09 14:24:03,767 INFO     ___FILE_ONLY___ ═
2025-01-09 14:24:03,786 INFO     ___FILE_ONLY___ ═
2025-01-09 14:24:03,818 INFO     ___FILE_ONLY___ ═
2025-01-09 14:24:03,841 INFO     ___FILE_ONLY___ ═
2025-01-09 14:24:03,860 INFO     ___FILE_ONLY___ ═
2025-01-09 14:24:03,876 INFO     ___FILE_ONLY___ ═
2025-01-09 14:24:03,970 INFO     ___FILE_ONLY___ ═
2025-01-09 14:24:03,991 INFO     ___FILE_ONLY___ ═
2025-01-09 14:24:04,013 INFO     ___FILE_ONLY___ ═
2025-01-09 14:24:04,033 INFO     ___FILE_ONLY___ ═
2025-01-09 14:24:04,080 INFO     ___FILE_ONLY___ ═
2025-01-09 14:24:04,453 INFO     ___FILE_ONLY___ ═
2025-01-09 14:24:04,471 INFO     ___FILE_ONLY___ ═
2025-01-09 14:24:04,493 INFO     ___FILE_ONLY___ ═
2025-01-09 14:24:04,512 INFO     ___FILE_ONLY___ ═
2025-01-09 14:24:04,882 INFO     ___FILE_ONLY___ ═
2025-01-09 14:24:04,883 INFO     ___FILE_ONLY___ ╝

2025-01-09 14:24:04,956 INFO     ___FILE_ONLY___ ╔════════════════════════════════════════════════════════════╗

2025-01-09 14:24:04,956 INFO     ___FILE_ONLY___ ╠═ Installing: Cloud Storage Command Line Tool              ═╣

2025-01-09 14:24:04,956 INFO     ___FILE_ONLY___ ╚
2025-01-09 14:24:05,520 INFO     ___FILE_ONLY___ ═
2025-01-09 14:24:05,538 INFO     ___FILE_ONLY___ ═
2025-01-09 14:24:05,560 INFO     ___FILE_ONLY___ ═
2025-01-09 14:24:05,578 INFO     ___FILE_ONLY___ ═
2025-01-09 14:24:05,594 INFO     ___FILE_ONLY___ ═
2025-01-09 14:24:05,607 INFO     ___FILE_ONLY___ ═
2025-01-09 14:24:05,622 INFO     ___FILE_ONLY___ ═
2025-01-09 14:24:05,636 INFO     ___FILE_ONLY___ ═
2025-01-09 14:24:05,651 INFO     ___FILE_ONLY___ ═
2025-01-09 14:24:05,666 INFO     ___FILE_ONLY___ ═
2025-01-09 14:24:05,680 INFO     ___FILE_ONLY___ ═
2025-01-09 14:24:05,692 INFO     ___FILE_ONLY___ ═
2025-01-09 14:24:05,703 INFO     ___FILE_ONLY___ ═
2025-01-09 14:24:05,713 INFO     ___FILE_ONLY___ ═
2025-01-09 14:24:05,724 INFO     ___FILE_ONLY___ ═
2025-01-09 14:24:05,735 INFO     ___FILE_ONLY___ ═
2025-01-09 14:24:05,747 INFO     ___FILE_ONLY___ ═
2025-01-09 14:24:05,759 INFO     ___FILE_ONLY___ ═
2025-01-09 14:24:05,771 INFO     ___FILE_ONLY___ ═
2025-01-09 14:24:05,783 INFO     ___FILE_ONLY___ ═
2025-01-09 14:24:05,796 INFO     ___FILE_ONLY___ ═
2025-01-09 14:24:05,812 INFO     ___FILE_ONLY___ ═
2025-01-09 14:24:05,828 INFO     ___FILE_ONLY___ ═
2025-01-09 14:24:05,839 INFO     ___FILE_ONLY___ ═
2025-01-09 14:24:05,852 INFO     ___FILE_ONLY___ ═
2025-01-09 14:24:05,868 INFO     ___FILE_ONLY___ ═
2025-01-09 14:24:05,886 INFO     ___FILE_ONLY___ ═
2025-01-09 14:24:05,906 INFO     ___FILE_ONLY___ ═
2025-01-09 14:24:05,924 INFO     ___FILE_ONLY___ ═
2025-01-09 14:24:05,946 INFO     ___FILE_ONLY___ ═
2025-01-09 14:24:05,958 INFO     ___FILE_ONLY___ ═
2025-01-09 14:24:05,971 INFO     ___FILE_ONLY___ ═
2025-01-09 14:24:05,991 INFO     ___FILE_ONLY___ ═
2025-01-09 14:24:06,005 INFO     ___FILE_ONLY___ ═
2025-01-09 14:24:06,017 INFO     ___FILE_ONLY___ ═
2025-01-09 14:24:06,028 INFO     ___FILE_ONLY___ ═
2025-01-09 14:24:06,040 INFO     ___FILE_ONLY___ ═
2025-01-09 14:24:06,051 INFO     ___FILE_ONLY___ ═
2025-01-09 14:24:06,064 INFO     ___FILE_ONLY___ ═
2025-01-09 14:24:06,076 INFO     ___FILE_ONLY___ ═
2025-01-09 14:24:06,087 INFO     ___FILE_ONLY___ ═
2025-01-09 14:24:06,101 INFO     ___FILE_ONLY___ ═
2025-01-09 14:24:06,112 INFO     ___FILE_ONLY___ ═
2025-01-09 14:24:06,126 INFO     ___FILE_ONLY___ ═
2025-01-09 14:24:06,143 INFO     ___FILE_ONLY___ ═
2025-01-09 14:24:06,156 INFO     ___FILE_ONLY___ ═
2025-01-09 14:24:06,165 INFO     ___FILE_ONLY___ ═
2025-01-09 14:24:06,177 INFO     ___FILE_ONLY___ ═
2025-01-09 14:24:06,189 INFO     ___FILE_ONLY___ ═
2025-01-09 14:24:06,202 INFO     ___FILE_ONLY___ ═
2025-01-09 14:24:06,220 INFO     ___FILE_ONLY___ ═
2025-01-09 14:24:06,233 INFO     ___FILE_ONLY___ ═
2025-01-09 14:24:06,250 INFO     ___FILE_ONLY___ ═
2025-01-09 14:24:06,264 INFO     ___FILE_ONLY___ ═
2025-01-09 14:24:06,302 INFO     ___FILE_ONLY___ ═
2025-01-09 14:24:06,314 INFO     ___FILE_ONLY___ ═
2025-01-09 14:24:06,325 INFO     ___FILE_ONLY___ ═
2025-01-09 14:24:06,337 INFO     ___FILE_ONLY___ ═
2025-01-09 14:24:06,349 INFO     ___FILE_ONLY___ ═
2025-01-09 14:24:06,364 INFO     ___FILE_ONLY___ ═
2025-01-09 14:24:06,364 INFO     ___FILE_ONLY___ ╝

2025-01-09 14:24:06,411 INFO     ___FILE_ONLY___ ╔════════════════════════════════════════════════════════════╗

2025-01-09 14:24:06,411 INFO     ___FILE_ONLY___ ╠═ Installing: Cloud Storage Command Line Tool (Platform... ═╣

2025-01-09 14:24:06,411 INFO     ___FILE_ONLY___ ╚
2025-01-09 14:24:06,412 INFO     ___FILE_ONLY___ ════════════════════════════════════════════════════════════
2025-01-09 14:24:06,412 INFO     ___FILE_ONLY___ ╝

2025-01-09 14:24:06,418 INFO     ___FILE_ONLY___ ╔════════════════════════════════════════════════════════════╗

2025-01-09 14:24:06,418 INFO     ___FILE_ONLY___ ╠═ Installing: Default set of gcloud commands               ═╣

2025-01-09 14:24:06,418 INFO     ___FILE_ONLY___ ╚
2025-01-09 14:24:06,422 INFO     ___FILE_ONLY___ ════════════════════════════════════════════════════════════
2025-01-09 14:24:06,422 INFO     ___FILE_ONLY___ ╝

2025-01-09 14:24:06,424 INFO     ___FILE_ONLY___ ╔════════════════════════════════════════════════════════════╗

2025-01-09 14:24:06,424 INFO     ___FILE_ONLY___ ╠═ Installing: Google Cloud CLI Core Libraries (Platform... ═╣

2025-01-09 14:24:06,424 INFO     ___FILE_ONLY___ ╚
2025-01-09 14:24:06,425 INFO     ___FILE_ONLY___ ══════════════════════════════
2025-01-09 14:24:06,425 INFO     ___FILE_ONLY___ ══════════════════════════════
2025-01-09 14:24:06,425 INFO     ___FILE_ONLY___ ╝

2025-01-09 14:24:06,431 INFO     ___FILE_ONLY___ ╔════════════════════════════════════════════════════════════╗

2025-01-09 14:24:06,431 INFO     ___FILE_ONLY___ ╠═ Installing: Google Cloud CRC32C Hash Tool                ═╣

2025-01-09 14:24:06,431 INFO     ___FILE_ONLY___ ╚
2025-01-09 14:24:06,435 INFO     ___FILE_ONLY___ ════════════════════════════════════════════════════════════
2025-01-09 14:24:06,435 INFO     ___FILE_ONLY___ ╝

2025-01-09 14:24:06,437 INFO     ___FILE_ONLY___ ╔════════════════════════════════════════════════════════════╗

2025-01-09 14:24:06,437 INFO     ___FILE_ONLY___ ╠═ Installing: Google Cloud CRC32C Hash Tool (Platform S... ═╣

2025-01-09 14:24:06,437 INFO     ___FILE_ONLY___ ╚
2025-01-09 14:24:06,473 INFO     ___FILE_ONLY___ ══════════════════════════════
2025-01-09 14:24:06,474 INFO     ___FILE_ONLY___ ══════════════════════════════
2025-01-09 14:24:06,474 INFO     ___FILE_ONLY___ ╝

2025-01-09 14:24:06,480 INFO     ___FILE_ONLY___ ╔════════════════════════════════════════════════════════════╗

2025-01-09 14:24:06,480 INFO     ___FILE_ONLY___ ╠═ Installing: gcloud cli dependencies (Platform Specific)  ═╣

2025-01-09 14:24:06,480 INFO     ___FILE_ONLY___ ╚
2025-01-09 14:24:06,481 INFO     ___FILE_ONLY___ ════════════════════════════════════════════════════════════
2025-01-09 14:24:06,481 INFO     ___FILE_ONLY___ ╝

2025-01-09 14:24:06,488 DEBUG    root            Updating notification cache...
2025-01-09 14:24:06,488 INFO     ___FILE_ONLY___ 

2025-01-09 14:24:06,490 INFO     ___FILE_ONLY___ Performing post processing steps...
2025-01-09 14:24:06,491 DEBUG    root            Executing command: ['/tools/google-cloud-sdk/bin/gcloud', 'components', 'post-process']
2025-01-09 14:24:17,033 DEBUG    ___FILE_ONLY___ 
2025-01-09 14:24:17,033 DEBUG    ___FILE_ONLY___ 
2025-01-09 14:24:17,284 INFO     ___FILE_ONLY___ 
Update done!


2025-01-09 14:24:17,287 DEBUG    root            Chosen display Format:none
2025-01-09 14:24:17,287 INFO     root            Display format: "none"
